{"level":"info","message":"Server running on port 5000","timestamp":"2025-10-06T07:10:07.318Z"}
{"cause":{"commonWireVersion":0,"compatible":true,"heartbeatFrequencyMS":10000,"localThresholdMS":15,"logicalSessionTimeoutMinutes":null,"maxElectionId":null,"maxSetVersion":null,"servers":{"ac-110w4fr-shard-00-00.tuekokc.mongodb.net:27017":{"$clusterTime":null,"address":"ac-110w4fr-shard-00-00.tuekokc.mongodb.net:27017","arbiters":[],"electionId":null,"error":{"beforeHandshake":false,"errorLabelSet":{}},"hosts":[],"iscryptd":false,"lastUpdateTime":880730035,"lastWriteDate":0,"logicalSessionTimeoutMinutes":null,"maxBsonObjectSize":null,"maxMessageSizeBytes":null,"maxWireVersion":0,"maxWriteBatchSize":null,"me":null,"minRoundTripTime":0,"minWireVersion":0,"passives":[],"primary":null,"roundTripTime":-1,"setName":null,"setVersion":null,"tags":{},"topologyVersion":null,"type":"Unknown"},"ac-110w4fr-shard-00-01.tuekokc.mongodb.net:27017":{"$clusterTime":null,"address":"ac-110w4fr-shard-00-01.tuekokc.mongodb.net:27017","arbiters":[],"electionId":null,"error":{"beforeHandshake":false,"errorLabelSet":{}},"hosts":[],"iscryptd":false,"lastUpdateTime":880729999,"lastWriteDate":0,"logicalSessionTimeoutMinutes":null,"maxBsonObjectSize":null,"maxMessageSizeBytes":null,"maxWireVersion":0,"maxWriteBatchSize":null,"me":null,"minRoundTripTime":0,"minWireVersion":0,"passives":[],"primary":null,"roundTripTime":-1,"setName":null,"setVersion":null,"tags":{},"topologyVersion":null,"type":"Unknown"},"ac-110w4fr-shard-00-02.tuekokc.mongodb.net:27017":{"$clusterTime":null,"address":"ac-110w4fr-shard-00-02.tuekokc.mongodb.net:27017","arbiters":[],"electionId":null,"error":{"beforeHandshake":false,"errorLabelSet":{}},"hosts":[],"iscryptd":false,"lastUpdateTime":880729993,"lastWriteDate":0,"logicalSessionTimeoutMinutes":null,"maxBsonObjectSize":null,"maxMessageSizeBytes":null,"maxWireVersion":0,"maxWriteBatchSize":null,"me":null,"minRoundTripTime":0,"minWireVersion":0,"passives":[],"primary":null,"roundTripTime":-1,"setName":null,"setVersion":null,"tags":{},"topologyVersion":null,"type":"Unknown"}},"setName":"atlas-zm05yi-shard-0","stale":false,"type":"ReplicaSetNoPrimary"},"errorLabelSet":{},"level":"error","message":"MongoDB connection error: Could not connect to any servers in your MongoDB Atlas cluster. One common reason is that you're trying to access the database from an IP that isn't whitelisted. Make sure your current IP address is on your Atlas cluster's IP whitelist: https://www.mongodb.com/docs/atlas/security-whitelist/","reason":{"commonWireVersion":0,"compatible":true,"heartbeatFrequencyMS":10000,"localThresholdMS":15,"logicalSessionTimeoutMinutes":null,"maxElectionId":null,"maxSetVersion":null,"servers":{"ac-110w4fr-shard-00-00.tuekokc.mongodb.net:27017":{"$clusterTime":null,"address":"ac-110w4fr-shard-00-00.tuekokc.mongodb.net:27017","arbiters":[],"electionId":null,"error":{"beforeHandshake":false,"errorLabelSet":{}},"hosts":[],"iscryptd":false,"lastUpdateTime":880730035,"lastWriteDate":0,"logicalSessionTimeoutMinutes":null,"maxBsonObjectSize":null,"maxMessageSizeBytes":null,"maxWireVersion":0,"maxWriteBatchSize":null,"me":null,"minRoundTripTime":0,"minWireVersion":0,"passives":[],"primary":null,"roundTripTime":-1,"setName":null,"setVersion":null,"tags":{},"topologyVersion":null,"type":"Unknown"},"ac-110w4fr-shard-00-01.tuekokc.mongodb.net:27017":{"$clusterTime":null,"address":"ac-110w4fr-shard-00-01.tuekokc.mongodb.net:27017","arbiters":[],"electionId":null,"error":{"beforeHandshake":false,"errorLabelSet":{}},"hosts":[],"iscryptd":false,"lastUpdateTime":880729999,"lastWriteDate":0,"logicalSessionTimeoutMinutes":null,"maxBsonObjectSize":null,"maxMessageSizeBytes":null,"maxWireVersion":0,"maxWriteBatchSize":null,"me":null,"minRoundTripTime":0,"minWireVersion":0,"passives":[],"primary":null,"roundTripTime":-1,"setName":null,"setVersion":null,"tags":{},"topologyVersion":null,"type":"Unknown"},"ac-110w4fr-shard-00-02.tuekokc.mongodb.net:27017":{"$clusterTime":null,"address":"ac-110w4fr-shard-00-02.tuekokc.mongodb.net:27017","arbiters":[],"electionId":null,"error":{"beforeHandshake":false,"errorLabelSet":{}},"hosts":[],"iscryptd":false,"lastUpdateTime":880729993,"lastWriteDate":0,"logicalSessionTimeoutMinutes":null,"maxBsonObjectSize":null,"maxMessageSizeBytes":null,"maxWireVersion":0,"maxWriteBatchSize":null,"me":null,"minRoundTripTime":0,"minWireVersion":0,"passives":[],"primary":null,"roundTripTime":-1,"setName":null,"setVersion":null,"tags":{},"topologyVersion":null,"type":"Unknown"}},"setName":"atlas-zm05yi-shard-0","stale":false,"type":"ReplicaSetNoPrimary"},"stack":"MongooseServerSelectionError: Could not connect to any servers in your MongoDB Atlas cluster. One common reason is that you're trying to access the database from an IP that isn't whitelisted. Make sure your current IP address is on your Atlas cluster's IP whitelist: https://www.mongodb.com/docs/atlas/security-whitelist/\n    at _handleConnectionErrors (/home/kriti-gupta/Kriti/Courses/SEM5/BWD/Project/Blockchain-Powered-Transparent-Charity-Platform/backend/node_modules/mongoose/lib/connection.js:1165:11)\n    at NativeConnection.openUri (/home/kriti-gupta/Kriti/Courses/SEM5/BWD/Project/Blockchain-Powered-Transparent-Charity-Platform/backend/node_modules/mongoose/lib/connection.js:1096:11)","timestamp":"2025-10-06T07:10:37.441Z"}
{"level":"info","message":"Server running on port 5000","timestamp":"2025-10-06T15:26:03.976Z"}
{"cause":{"commonWireVersion":0,"compatible":true,"heartbeatFrequencyMS":10000,"localThresholdMS":15,"logicalSessionTimeoutMinutes":null,"maxElectionId":null,"maxSetVersion":null,"servers":{"ac-110w4fr-shard-00-00.tuekokc.mongodb.net:27017":{"$clusterTime":null,"address":"ac-110w4fr-shard-00-00.tuekokc.mongodb.net:27017","arbiters":[],"electionId":null,"error":{"beforeHandshake":false,"errorLabelSet":{}},"hosts":[],"iscryptd":false,"lastUpdateTime":898278184,"lastWriteDate":0,"logicalSessionTimeoutMinutes":null,"maxBsonObjectSize":null,"maxMessageSizeBytes":null,"maxWireVersion":0,"maxWriteBatchSize":null,"me":null,"minRoundTripTime":0,"minWireVersion":0,"passives":[],"primary":null,"roundTripTime":-1,"setName":null,"setVersion":null,"tags":{},"topologyVersion":null,"type":"Unknown"},"ac-110w4fr-shard-00-01.tuekokc.mongodb.net:27017":{"$clusterTime":null,"address":"ac-110w4fr-shard-00-01.tuekokc.mongodb.net:27017","arbiters":[],"electionId":null,"error":{"beforeHandshake":false,"errorLabelSet":{}},"hosts":[],"iscryptd":false,"lastUpdateTime":898277978,"lastWriteDate":0,"logicalSessionTimeoutMinutes":null,"maxBsonObjectSize":null,"maxMessageSizeBytes":null,"maxWireVersion":0,"maxWriteBatchSize":null,"me":null,"minRoundTripTime":0,"minWireVersion":0,"passives":[],"primary":null,"roundTripTime":-1,"setName":null,"setVersion":null,"tags":{},"topologyVersion":null,"type":"Unknown"},"ac-110w4fr-shard-00-02.tuekokc.mongodb.net:27017":{"$clusterTime":null,"address":"ac-110w4fr-shard-00-02.tuekokc.mongodb.net:27017","arbiters":[],"electionId":null,"error":{"beforeHandshake":false,"errorLabelSet":{}},"hosts":[],"iscryptd":false,"lastUpdateTime":898278185,"lastWriteDate":0,"logicalSessionTimeoutMinutes":null,"maxBsonObjectSize":null,"maxMessageSizeBytes":null,"maxWireVersion":0,"maxWriteBatchSize":null,"me":null,"minRoundTripTime":0,"minWireVersion":0,"passives":[],"primary":null,"roundTripTime":-1,"setName":null,"setVersion":null,"tags":{},"topologyVersion":null,"type":"Unknown"}},"setName":"atlas-zm05yi-shard-0","stale":false,"type":"ReplicaSetNoPrimary"},"errorLabelSet":{},"level":"error","message":"MongoDB connection error: Could not connect to any servers in your MongoDB Atlas cluster. One common reason is that you're trying to access the database from an IP that isn't whitelisted. Make sure your current IP address is on your Atlas cluster's IP whitelist: https://www.mongodb.com/docs/atlas/security-whitelist/","reason":{"commonWireVersion":0,"compatible":true,"heartbeatFrequencyMS":10000,"localThresholdMS":15,"logicalSessionTimeoutMinutes":null,"maxElectionId":null,"maxSetVersion":null,"servers":{"ac-110w4fr-shard-00-00.tuekokc.mongodb.net:27017":{"$clusterTime":null,"address":"ac-110w4fr-shard-00-00.tuekokc.mongodb.net:27017","arbiters":[],"electionId":null,"error":{"beforeHandshake":false,"errorLabelSet":{}},"hosts":[],"iscryptd":false,"lastUpdateTime":898278184,"lastWriteDate":0,"logicalSessionTimeoutMinutes":null,"maxBsonObjectSize":null,"maxMessageSizeBytes":null,"maxWireVersion":0,"maxWriteBatchSize":null,"me":null,"minRoundTripTime":0,"minWireVersion":0,"passives":[],"primary":null,"roundTripTime":-1,"setName":null,"setVersion":null,"tags":{},"topologyVersion":null,"type":"Unknown"},"ac-110w4fr-shard-00-01.tuekokc.mongodb.net:27017":{"$clusterTime":null,"address":"ac-110w4fr-shard-00-01.tuekokc.mongodb.net:27017","arbiters":[],"electionId":null,"error":{"beforeHandshake":false,"errorLabelSet":{}},"hosts":[],"iscryptd":false,"lastUpdateTime":898277978,"lastWriteDate":0,"logicalSessionTimeoutMinutes":null,"maxBsonObjectSize":null,"maxMessageSizeBytes":null,"maxWireVersion":0,"maxWriteBatchSize":null,"me":null,"minRoundTripTime":0,"minWireVersion":0,"passives":[],"primary":null,"roundTripTime":-1,"setName":null,"setVersion":null,"tags":{},"topologyVersion":null,"type":"Unknown"},"ac-110w4fr-shard-00-02.tuekokc.mongodb.net:27017":{"$clusterTime":null,"address":"ac-110w4fr-shard-00-02.tuekokc.mongodb.net:27017","arbiters":[],"electionId":null,"error":{"beforeHandshake":false,"errorLabelSet":{}},"hosts":[],"iscryptd":false,"lastUpdateTime":898278185,"lastWriteDate":0,"logicalSessionTimeoutMinutes":null,"maxBsonObjectSize":null,"maxMessageSizeBytes":null,"maxWireVersion":0,"maxWriteBatchSize":null,"me":null,"minRoundTripTime":0,"minWireVersion":0,"passives":[],"primary":null,"roundTripTime":-1,"setName":null,"setVersion":null,"tags":{},"topologyVersion":null,"type":"Unknown"}},"setName":"atlas-zm05yi-shard-0","stale":false,"type":"ReplicaSetNoPrimary"},"stack":"MongooseServerSelectionError: Could not connect to any servers in your MongoDB Atlas cluster. One common reason is that you're trying to access the database from an IP that isn't whitelisted. Make sure your current IP address is on your Atlas cluster's IP whitelist: https://www.mongodb.com/docs/atlas/security-whitelist/\n    at _handleConnectionErrors (/home/kriti-gupta/Kriti/Courses/SEM5/BWD/Project/Blockchain-Powered-Transparent-Charity-Platform/backend/node_modules/mongoose/lib/connection.js:1165:11)\n    at NativeConnection.openUri (/home/kriti-gupta/Kriti/Courses/SEM5/BWD/Project/Blockchain-Powered-Transparent-Charity-Platform/backend/node_modules/mongoose/lib/connection.js:1096:11)","timestamp":"2025-10-06T15:26:34.042Z"}
{"level":"info","message":"Server running on port 5000","timestamp":"2025-10-13T13:39:02.668Z"}
{"code":8000,"codeName":"AtlasError","connectionGeneration":0,"errorLabelSet":{},"errorResponse":{"code":8000,"codeName":"AtlasError","errmsg":"bad auth : authentication failed","ok":0},"level":"error","message":"MongoDB connection error: bad auth : authentication failed","ok":0,"stack":"MongoServerError: bad auth : authentication failed\n    at Connection.sendCommand (/home/kriti-gupta/Kriti/Courses/SEM5/BWD/Project/Blockchain-Powered-Transparent-Charity-Platform/backend/node_modules/mongodb/lib/cmap/connection.js:305:27)\n    at process.processTicksAndRejections (node:internal/process/task_queues:105:5)\n    at async Connection.command (/home/kriti-gupta/Kriti/Courses/SEM5/BWD/Project/Blockchain-Powered-Transparent-Charity-Platform/backend/node_modules/mongodb/lib/cmap/connection.js:333:26)\n    at async continueScramConversation (/home/kriti-gupta/Kriti/Courses/SEM5/BWD/Project/Blockchain-Powered-Transparent-Charity-Platform/backend/node_modules/mongodb/lib/cmap/auth/scram.js:131:15)\n    at async executeScram (/home/kriti-gupta/Kriti/Courses/SEM5/BWD/Project/Blockchain-Powered-Transparent-Charity-Platform/backend/node_modules/mongodb/lib/cmap/auth/scram.js:80:5)\n    at async ScramSHA1.auth (/home/kriti-gupta/Kriti/Courses/SEM5/BWD/Project/Blockchain-Powered-Transparent-Charity-Platform/backend/node_modules/mongodb/lib/cmap/auth/scram.js:39:16)\n    at async performInitialHandshake (/home/kriti-gupta/Kriti/Courses/SEM5/BWD/Project/Blockchain-Powered-Transparent-Charity-Platform/backend/node_modules/mongodb/lib/cmap/connect.js:104:13)\n    at async connect (/home/kriti-gupta/Kriti/Courses/SEM5/BWD/Project/Blockchain-Powered-Transparent-Charity-Platform/backend/node_modules/mongodb/lib/cmap/connect.js:24:9)","timestamp":"2025-10-13T13:39:03.666Z"}
{"level":"info","message":"Server running on port 5000","timestamp":"2025-10-13T13:40:46.291Z"}
{"level":"info","message":"Connected to MongoDB","timestamp":"2025-10-13T13:40:46.850Z"}
{"level":"info","message":"Server running on port 5000","timestamp":"2025-10-13T13:48:03.931Z"}
{"level":"info","message":"Connected to MongoDB","timestamp":"2025-10-13T13:48:04.584Z"}
{"level":"info","message":"Server running on port 5000","timestamp":"2025-10-13T14:04:04.823Z"}
{"level":"info","message":"Connected to MongoDB","timestamp":"2025-10-13T14:04:05.380Z"}
{"level":"info","message":"Server running on port 5000","timestamp":"2025-10-15T10:24:38.558Z"}
{"level":"info","message":"Connected to MongoDB","timestamp":"2025-10-15T10:24:39.041Z"}
{"level":"info","message":"Server running on port 5000","timestamp":"2025-10-16T05:26:05.525Z"}
{"level":"info","message":"Connected to MongoDB","timestamp":"2025-10-16T05:26:05.982Z"}
{"level":"info","message":"Server running on port 5000","timestamp":"2025-10-16T05:53:37.864Z"}
{"level":"info","message":"Connected to MongoDB","timestamp":"2025-10-16T05:53:38.362Z"}
{"level":"info","message":"Server running on port 5000","timestamp":"2025-10-16T05:56:43.907Z"}
{"level":"info","message":"Connected to MongoDB","timestamp":"2025-10-16T05:56:44.384Z"}
{"level":"info","message":"Server running on port 5000","timestamp":"2025-10-16T05:56:47.947Z"}
{"level":"info","message":"Connected to MongoDB","timestamp":"2025-10-16T05:56:48.436Z"}
{"level":"info","message":"Server running on port 5000","timestamp":"2025-10-16T05:56:50.810Z"}
{"level":"info","message":"Connected to MongoDB","timestamp":"2025-10-16T05:56:51.303Z"}
{"level":"info","message":"Server running on port 5000","timestamp":"2025-10-16T05:57:44.641Z"}
{"level":"info","message":"Connected to MongoDB","timestamp":"2025-10-16T05:57:45.121Z"}
{"level":"info","message":"Server running on port 5000","timestamp":"2025-10-16T06:03:46.918Z"}
{"level":"info","message":"Connected to MongoDB","timestamp":"2025-10-16T06:03:47.376Z"}
{"level":"info","message":"Server running on port 5000","timestamp":"2025-10-16T06:04:49.887Z"}
{"level":"info","message":"Connected to MongoDB","timestamp":"2025-10-16T06:04:50.368Z"}
{"level":"info","message":"Server running on port 5000","timestamp":"2025-10-16T06:05:12.543Z"}
{"level":"info","message":"Connected to MongoDB","timestamp":"2025-10-16T06:05:12.996Z"}
{"level":"info","message":"Server running on port 5000","timestamp":"2025-10-16T06:05:26.476Z"}
{"level":"info","message":"Connected to MongoDB","timestamp":"2025-10-16T06:05:26.975Z"}
{"level":"info","message":"Server running on port 5000","timestamp":"2025-10-16T06:29:26.976Z"}
{"level":"info","message":"Connected to MongoDB","timestamp":"2025-10-16T06:29:27.427Z"}
{"level":"info","message":"Server running on port 5000","timestamp":"2025-10-16T06:29:29.697Z"}
{"level":"info","message":"Connected to MongoDB","timestamp":"2025-10-16T06:29:30.166Z"}
{"level":"info","message":"Server running on port 5000","timestamp":"2025-10-16T06:30:05.735Z"}
{"level":"info","message":"Connected to MongoDB","timestamp":"2025-10-16T06:30:06.217Z"}
{"level":"info","message":"Server running on port 5000","timestamp":"2025-10-16T06:30:40.363Z"}
{"level":"info","message":"Connected to MongoDB","timestamp":"2025-10-16T06:30:40.819Z"}
{"level":"info","message":"Server running on port 5000","timestamp":"2025-10-16T06:30:41.585Z"}
{"level":"info","message":"Connected to MongoDB","timestamp":"2025-10-16T06:30:42.065Z"}
{"level":"info","message":"Server running on port 5000","timestamp":"2025-10-16T06:30:50.286Z"}
{"level":"info","message":"Connected to MongoDB","timestamp":"2025-10-16T06:30:50.757Z"}
{"level":"info","message":"Server running on port 5000","timestamp":"2025-10-16T06:35:08.727Z"}
{"level":"info","message":"Connected to MongoDB","timestamp":"2025-10-16T06:35:09.243Z"}
{"level":"info","message":"Server running on port 5000","timestamp":"2025-10-16T06:35:17.143Z"}
{"level":"info","message":"Connected to MongoDB","timestamp":"2025-10-16T06:35:17.732Z"}
{"level":"info","message":"Server running on port 5000","timestamp":"2025-10-16T06:36:28.607Z"}
{"level":"info","message":"Connected to MongoDB","timestamp":"2025-10-16T06:36:29.203Z"}
{"level":"info","message":"Server running on port 5000","timestamp":"2025-10-16T06:36:30.369Z"}
{"level":"info","message":"Connected to MongoDB","timestamp":"2025-10-16T06:36:30.878Z"}
{"level":"info","message":"Server running on port 5000","timestamp":"2025-10-16T06:37:00.188Z"}
{"level":"info","message":"Connected to MongoDB","timestamp":"2025-10-16T06:37:00.753Z"}
{"level":"info","message":"Server running on port 5000","timestamp":"2025-10-16T06:37:18.104Z"}
{"level":"info","message":"Connected to MongoDB","timestamp":"2025-10-16T06:37:18.645Z"}
{"level":"info","message":"Server running on port 5000","timestamp":"2025-10-16T06:38:21.134Z"}
{"level":"info","message":"Connected to MongoDB","timestamp":"2025-10-16T06:38:21.668Z"}
{"level":"info","message":"Server running on port 5000","timestamp":"2025-10-16T08:30:16.290Z"}
{"level":"info","message":"Connected to MongoDB","timestamp":"2025-10-16T08:30:16.827Z"}
{"level":"info","message":"Server running on port 5000","timestamp":"2025-10-16T08:30:40.414Z"}
{"level":"info","message":"Connected to MongoDB","timestamp":"2025-10-16T08:30:40.928Z"}
{"level":"info","message":"Server running on port 5000","timestamp":"2025-10-16T08:30:52.354Z"}
{"level":"info","message":"Connected to MongoDB","timestamp":"2025-10-16T08:30:52.886Z"}
{"level":"info","message":"Server running on port 5000","timestamp":"2025-10-16T08:31:24.789Z"}
{"level":"info","message":"Connected to MongoDB","timestamp":"2025-10-16T08:31:25.327Z"}
{"level":"info","message":"Server running on port 5000","timestamp":"2025-10-16T08:31:46.962Z"}
{"level":"info","message":"Connected to MongoDB","timestamp":"2025-10-16T08:31:47.494Z"}
{"level":"info","message":"Server running on port 5000","timestamp":"2025-10-16T08:34:46.287Z"}
{"level":"info","message":"Connected to MongoDB","timestamp":"2025-10-16T08:34:46.814Z"}
{"level":"info","message":"Server running on port 5000","timestamp":"2025-10-16T09:02:33.521Z"}
{"level":"info","message":"Connected to MongoDB","timestamp":"2025-10-16T09:02:34.051Z"}
{"level":"info","message":"Server running on port 5000","timestamp":"2025-10-16T09:04:38.491Z"}
{"level":"info","message":"Connected to MongoDB","timestamp":"2025-10-16T09:04:39.072Z"}
{"argument":"target","code":"INVALID_ARGUMENT","level":"error","message":"Error starting blockchain listener: invalid value for Contract target (argument=\"target\", value=null, code=INVALID_ARGUMENT, version=6.15.0)","shortMessage":"invalid value for Contract target","stack":"TypeError: invalid value for Contract target (argument=\"target\", value=null, code=INVALID_ARGUMENT, version=6.15.0)\n    at makeError (/home/kriti-gupta/Kriti/Courses/SEM5/BWD/Project/Blockchain-Powered-Transparent-Charity-Platform/backend/node_modules/ethers/lib.commonjs/utils/errors.js:130:21)\n    at assert (/home/kriti-gupta/Kriti/Courses/SEM5/BWD/Project/Blockchain-Powered-Transparent-Charity-Platform/backend/node_modules/ethers/lib.commonjs/utils/errors.js:157:15)\n    at assertArgument (/home/kriti-gupta/Kriti/Courses/SEM5/BWD/Project/Blockchain-Powered-Transparent-Charity-Platform/backend/node_modules/ethers/lib.commonjs/utils/errors.js:169:5)\n    at new BaseContract (/home/kriti-gupta/Kriti/Courses/SEM5/BWD/Project/Blockchain-Powered-Transparent-Charity-Platform/backend/node_modules/ethers/lib.commonjs/contract/contract.js:546:39)\n    at new Contract (/home/kriti-gupta/Kriti/Courses/SEM5/BWD/Project/Blockchain-Powered-Transparent-Charity-Platform/backend/node_modules/ethers/lib.commonjs/contract/contract.js:957:1)\n    at BlockchainSync.startListening (/home/kriti-gupta/Kriti/Courses/SEM5/BWD/Project/Blockchain-Powered-Transparent-Charity-Platform/backend/src/services/blockchainSync.js:98:31)\n    at Object.<anonymous> (/home/kriti-gupta/Kriti/Courses/SEM5/BWD/Project/Blockchain-Powered-Transparent-Charity-Platform/backend/src/server.js:82:16)\n    at Module._compile (node:internal/modules/cjs/loader:1554:14)\n    at Object..js (node:internal/modules/cjs/loader:1706:10)\n    at Module.load (node:internal/modules/cjs/loader:1289:32)","timestamp":"2025-10-16T09:05:08.867Z"}
{"level":"info","message":"Server running on port 5000","timestamp":"2025-10-16T09:05:08.874Z"}
{"level":"info","message":"Connected to MongoDB","timestamp":"2025-10-16T09:05:09.442Z"}
{"argument":"target","code":"INVALID_ARGUMENT","level":"error","message":"Error starting blockchain listener: invalid value for Contract target (argument=\"target\", value=null, code=INVALID_ARGUMENT, version=6.15.0)","shortMessage":"invalid value for Contract target","stack":"TypeError: invalid value for Contract target (argument=\"target\", value=null, code=INVALID_ARGUMENT, version=6.15.0)\n    at makeError (/home/kriti-gupta/Kriti/Courses/SEM5/BWD/Project/Blockchain-Powered-Transparent-Charity-Platform/backend/node_modules/ethers/lib.commonjs/utils/errors.js:130:21)\n    at assert (/home/kriti-gupta/Kriti/Courses/SEM5/BWD/Project/Blockchain-Powered-Transparent-Charity-Platform/backend/node_modules/ethers/lib.commonjs/utils/errors.js:157:15)\n    at assertArgument (/home/kriti-gupta/Kriti/Courses/SEM5/BWD/Project/Blockchain-Powered-Transparent-Charity-Platform/backend/node_modules/ethers/lib.commonjs/utils/errors.js:169:5)\n    at new BaseContract (/home/kriti-gupta/Kriti/Courses/SEM5/BWD/Project/Blockchain-Powered-Transparent-Charity-Platform/backend/node_modules/ethers/lib.commonjs/contract/contract.js:546:39)\n    at new Contract (/home/kriti-gupta/Kriti/Courses/SEM5/BWD/Project/Blockchain-Powered-Transparent-Charity-Platform/backend/node_modules/ethers/lib.commonjs/contract/contract.js:957:1)\n    at BlockchainSync.startListening (/home/kriti-gupta/Kriti/Courses/SEM5/BWD/Project/Blockchain-Powered-Transparent-Charity-Platform/backend/src/services/blockchainSync.js:98:31)\n    at Object.<anonymous> (/home/kriti-gupta/Kriti/Courses/SEM5/BWD/Project/Blockchain-Powered-Transparent-Charity-Platform/backend/src/server.js:82:16)\n    at Module._compile (node:internal/modules/cjs/loader:1554:14)\n    at Object..js (node:internal/modules/cjs/loader:1706:10)\n    at Module.load (node:internal/modules/cjs/loader:1289:32)","timestamp":"2025-10-16T09:05:13.944Z"}
{"level":"info","message":"Server running on port 5000","timestamp":"2025-10-16T09:05:13.950Z"}
{"level":"info","message":"Connected to MongoDB","timestamp":"2025-10-16T09:05:14.488Z"}
{"argument":"target","code":"INVALID_ARGUMENT","level":"error","message":"Error starting blockchain listener: invalid value for Contract target (argument=\"target\", value=null, code=INVALID_ARGUMENT, version=6.15.0)","shortMessage":"invalid value for Contract target","stack":"TypeError: invalid value for Contract target (argument=\"target\", value=null, code=INVALID_ARGUMENT, version=6.15.0)\n    at makeError (/home/kriti-gupta/Kriti/Courses/SEM5/BWD/Project/Blockchain-Powered-Transparent-Charity-Platform/backend/node_modules/ethers/lib.commonjs/utils/errors.js:130:21)\n    at assert (/home/kriti-gupta/Kriti/Courses/SEM5/BWD/Project/Blockchain-Powered-Transparent-Charity-Platform/backend/node_modules/ethers/lib.commonjs/utils/errors.js:157:15)\n    at assertArgument (/home/kriti-gupta/Kriti/Courses/SEM5/BWD/Project/Blockchain-Powered-Transparent-Charity-Platform/backend/node_modules/ethers/lib.commonjs/utils/errors.js:169:5)\n    at new BaseContract (/home/kriti-gupta/Kriti/Courses/SEM5/BWD/Project/Blockchain-Powered-Transparent-Charity-Platform/backend/node_modules/ethers/lib.commonjs/contract/contract.js:546:39)\n    at new Contract (/home/kriti-gupta/Kriti/Courses/SEM5/BWD/Project/Blockchain-Powered-Transparent-Charity-Platform/backend/node_modules/ethers/lib.commonjs/contract/contract.js:957:1)\n    at BlockchainSync.startListening (/home/kriti-gupta/Kriti/Courses/SEM5/BWD/Project/Blockchain-Powered-Transparent-Charity-Platform/backend/src/services/blockchainSync.js:98:31)\n    at Object.<anonymous> (/home/kriti-gupta/Kriti/Courses/SEM5/BWD/Project/Blockchain-Powered-Transparent-Charity-Platform/backend/src/server.js:82:16)\n    at Module._compile (node:internal/modules/cjs/loader:1554:14)\n    at Object..js (node:internal/modules/cjs/loader:1706:10)\n    at Module.load (node:internal/modules/cjs/loader:1289:32)","timestamp":"2025-10-16T09:05:17.850Z"}
{"level":"info","message":"Server running on port 5000","timestamp":"2025-10-16T09:05:17.857Z"}
{"argument":"target","code":"INVALID_ARGUMENT","level":"error","message":"Error starting blockchain listener: invalid value for Contract target (argument=\"target\", value=null, code=INVALID_ARGUMENT, version=6.15.0)","shortMessage":"invalid value for Contract target","stack":"TypeError: invalid value for Contract target (argument=\"target\", value=null, code=INVALID_ARGUMENT, version=6.15.0)\n    at makeError (/home/kriti-gupta/Kriti/Courses/SEM5/BWD/Project/Blockchain-Powered-Transparent-Charity-Platform/backend/node_modules/ethers/lib.commonjs/utils/errors.js:130:21)\n    at assert (/home/kriti-gupta/Kriti/Courses/SEM5/BWD/Project/Blockchain-Powered-Transparent-Charity-Platform/backend/node_modules/ethers/lib.commonjs/utils/errors.js:157:15)\n    at assertArgument (/home/kriti-gupta/Kriti/Courses/SEM5/BWD/Project/Blockchain-Powered-Transparent-Charity-Platform/backend/node_modules/ethers/lib.commonjs/utils/errors.js:169:5)\n    at new BaseContract (/home/kriti-gupta/Kriti/Courses/SEM5/BWD/Project/Blockchain-Powered-Transparent-Charity-Platform/backend/node_modules/ethers/lib.commonjs/contract/contract.js:546:39)\n    at new Contract (/home/kriti-gupta/Kriti/Courses/SEM5/BWD/Project/Blockchain-Powered-Transparent-Charity-Platform/backend/node_modules/ethers/lib.commonjs/contract/contract.js:957:1)\n    at BlockchainSync.startListening (/home/kriti-gupta/Kriti/Courses/SEM5/BWD/Project/Blockchain-Powered-Transparent-Charity-Platform/backend/src/services/blockchainSync.js:98:31)\n    at Object.<anonymous> (/home/kriti-gupta/Kriti/Courses/SEM5/BWD/Project/Blockchain-Powered-Transparent-Charity-Platform/backend/src/server.js:82:16)\n    at Module._compile (node:internal/modules/cjs/loader:1554:14)\n    at Object..js (node:internal/modules/cjs/loader:1706:10)\n    at Module.load (node:internal/modules/cjs/loader:1289:32)","timestamp":"2025-10-16T09:05:18.807Z"}
{"level":"info","message":"Server running on port 5000","timestamp":"2025-10-16T09:05:18.812Z"}
{"level":"info","message":"Connected to MongoDB","timestamp":"2025-10-16T09:05:19.350Z"}
{"level":"info","message":"Server running on port 5000","timestamp":"2025-10-16T09:05:53.061Z"}
{"level":"info","message":"Connected to MongoDB","timestamp":"2025-10-16T09:05:53.597Z"}
{"level":"info","message":"Server running on port 5000","timestamp":"2025-10-16T09:08:41.380Z"}
{"level":"info","message":"Connected to MongoDB","timestamp":"2025-10-16T09:08:41.914Z"}
{"level":"info","message":"Server running on port 5000","timestamp":"2025-10-16T09:08:55.755Z"}
{"level":"info","message":"Connected to MongoDB","timestamp":"2025-10-16T09:08:56.259Z"}
{"level":"info","message":"Server running on port 5000","timestamp":"2025-10-16T09:27:56.328Z"}
{"level":"info","message":"Connected to MongoDB","timestamp":"2025-10-16T09:27:56.870Z"}
{"level":"info","message":"Server running on port 5000","timestamp":"2025-10-18T19:55:44.625Z"}
{"level":"info","message":"Connected to MongoDB","timestamp":"2025-10-18T19:55:45.949Z"}
{"level":"warn","message":"⚠️  Pinata credentials not found. IPFS upload will not work.","timestamp":"2025-10-21T09:35:38.776Z"}
{"level":"warn","message":"   Add PINATA_API_KEY and PINATA_SECRET_API_KEY to .env file","timestamp":"2025-10-21T09:35:38.780Z"}
{"level":"info","message":"Server running on port 5000","timestamp":"2025-10-21T09:35:38.808Z"}
{"level":"info","message":"🔔 New NGO Registered: trial (ID: 1)","timestamp":"2025-10-21T09:35:38.999Z"}
{"level":"warn","message":"⚠️  Pinata credentials not found. IPFS upload will not work.","timestamp":"2025-10-21T20:07:26.786Z"}
{"level":"warn","message":"   Add PINATA_API_KEY and PINATA_SECRET_API_KEY to .env file","timestamp":"2025-10-21T20:07:26.790Z"}
{"level":"info","message":"Server running on port 5000","timestamp":"2025-10-21T20:07:26.837Z"}
{"level":"info","message":"Connected to MongoDB","timestamp":"2025-10-21T20:07:27.727Z"}
{"level":"info","message":"🔔 New NGO Registered: trial (ID: 1)","timestamp":"2025-10-21T20:10:19.068Z"}
{"level":"warn","message":"⚠️  Pinata credentials not found. IPFS upload will not work.","timestamp":"2025-10-21T20:11:49.776Z"}
{"level":"warn","message":"   Add PINATA_API_KEY and PINATA_SECRET_API_KEY to .env file","timestamp":"2025-10-21T20:11:49.780Z"}
{"level":"info","message":"Server running on port 5000","timestamp":"2025-10-21T20:11:49.820Z"}
{"level":"info","message":"🔔 New NGO Registered: trial (ID: 1)","timestamp":"2025-10-21T20:11:50.051Z"}
{"level":"warn","message":"⚠️  Pinata credentials not found. IPFS upload will not work.","timestamp":"2025-10-21T20:12:57.535Z"}
{"level":"warn","message":"   Add PINATA_API_KEY and PINATA_SECRET_API_KEY to .env file","timestamp":"2025-10-21T20:12:57.541Z"}
{"level":"info","message":"Server running on port 5000","timestamp":"2025-10-21T20:12:57.589Z"}
{"level":"info","message":"Connected to MongoDB","timestamp":"2025-10-21T20:12:58.480Z"}
{"level":"warn","message":"⚠️  Pinata credentials not found. IPFS upload will not work.","timestamp":"2025-10-21T20:13:00.925Z"}
{"level":"warn","message":"   Add PINATA_API_KEY and PINATA_SECRET_API_KEY to .env file","timestamp":"2025-10-21T20:13:00.931Z"}
{"level":"info","message":"Server running on port 5000","timestamp":"2025-10-21T20:13:00.979Z"}
{"level":"info","message":"Connected to MongoDB","timestamp":"2025-10-21T20:13:01.557Z"}
{"level":"warn","message":"⚠️  Pinata credentials not found. IPFS upload will not work.","timestamp":"2025-10-21T20:13:08.459Z"}
{"level":"warn","message":"   Add PINATA_API_KEY and PINATA_SECRET_API_KEY to .env file","timestamp":"2025-10-21T20:13:08.469Z"}
{"level":"info","message":"Server running on port 5000","timestamp":"2025-10-21T20:13:08.531Z"}
{"level":"info","message":"Connected to MongoDB","timestamp":"2025-10-21T20:13:09.616Z"}
{"level":"warn","message":"⚠️  Pinata credentials not found. IPFS upload will not work.","timestamp":"2025-10-21T20:13:13.555Z"}
{"level":"warn","message":"   Add PINATA_API_KEY and PINATA_SECRET_API_KEY to .env file","timestamp":"2025-10-21T20:13:13.559Z"}
{"level":"info","message":"Server running on port 5000","timestamp":"2025-10-21T20:13:13.616Z"}
{"level":"info","message":"Connected to MongoDB","timestamp":"2025-10-21T20:13:14.432Z"}
{"level":"warn","message":"⚠️  Pinata credentials not found. IPFS upload will not work.","timestamp":"2025-10-21T20:19:20.176Z"}
{"level":"warn","message":"   Add PINATA_API_KEY and PINATA_SECRET_API_KEY to .env file","timestamp":"2025-10-21T20:19:20.182Z"}
{"level":"info","message":"Server running on port 5000","timestamp":"2025-10-21T20:19:20.230Z"}
{"level":"info","message":"🔔 New NGO Registered: trial (ID: 1)","timestamp":"2025-10-21T20:19:20.448Z"}
{"level":"warn","message":"⚠️  Pinata credentials not found. IPFS upload will not work.","timestamp":"2025-10-21T20:21:21.767Z"}
{"level":"warn","message":"   Add PINATA_API_KEY and PINATA_SECRET_API_KEY to .env file","timestamp":"2025-10-21T20:21:21.772Z"}
{"level":"info","message":"Server running on port 5000","timestamp":"2025-10-21T20:21:21.802Z"}
{"level":"info","message":"Connected to MongoDB","timestamp":"2025-10-21T20:21:23.184Z"}
{"level":"warn","message":"⚠️  Pinata credentials not found. IPFS upload will not work.","timestamp":"2025-10-21T20:21:59.398Z"}
{"level":"warn","message":"   Add PINATA_API_KEY and PINATA_SECRET_API_KEY to .env file","timestamp":"2025-10-21T20:21:59.402Z"}
{"level":"info","message":"Server running on port 5000","timestamp":"2025-10-21T20:21:59.440Z"}
{"level":"info","message":"Connected to MongoDB","timestamp":"2025-10-21T20:22:00.373Z"}
{"level":"warn","message":"⚠️  Pinata credentials not found. IPFS upload will not work.","timestamp":"2025-10-21T20:46:29.486Z"}
{"level":"warn","message":"   Add PINATA_API_KEY and PINATA_SECRET_API_KEY to .env file","timestamp":"2025-10-21T20:46:29.489Z"}
{"level":"info","message":"Server running on port 5000","timestamp":"2025-10-21T20:46:29.516Z"}
{"level":"info","message":"Connected to MongoDB","timestamp":"2025-10-21T20:46:31.073Z"}
{"level":"warn","message":"⚠️  Pinata credentials not found. IPFS upload will not work.","timestamp":"2025-10-21T20:46:48.308Z"}
{"level":"warn","message":"   Add PINATA_API_KEY and PINATA_SECRET_API_KEY to .env file","timestamp":"2025-10-21T20:46:48.311Z"}
{"level":"info","message":"Server running on port 5000","timestamp":"2025-10-21T20:46:48.345Z"}
{"level":"info","message":"Connected to MongoDB","timestamp":"2025-10-21T20:46:49.044Z"}
{"level":"warn","message":"⚠️  Pinata credentials not found. IPFS upload will not work.","timestamp":"2025-10-21T20:49:20.623Z"}
{"level":"warn","message":"   Add PINATA_API_KEY and PINATA_SECRET_API_KEY to .env file","timestamp":"2025-10-21T20:49:20.628Z"}
{"level":"info","message":"Server running on port 5000","timestamp":"2025-10-21T20:49:20.683Z"}
{"level":"warn","message":"⚠️  Pinata credentials not found. IPFS upload will not work.","timestamp":"2025-10-21T20:49:22.617Z"}
{"level":"warn","message":"   Add PINATA_API_KEY and PINATA_SECRET_API_KEY to .env file","timestamp":"2025-10-21T20:49:22.621Z"}
{"level":"info","message":"Server running on port 5000","timestamp":"2025-10-21T20:49:22.647Z"}
{"level":"info","message":"Connected to MongoDB","timestamp":"2025-10-21T20:49:24.342Z"}
{"level":"warn","message":"⚠️  Pinata credentials not found. IPFS upload will not work.","timestamp":"2025-10-21T20:49:55.861Z"}
{"level":"warn","message":"   Add PINATA_API_KEY and PINATA_SECRET_API_KEY to .env file","timestamp":"2025-10-21T20:49:55.864Z"}
{"level":"info","message":"Server running on port 5000","timestamp":"2025-10-21T20:49:55.892Z"}
{"level":"warn","message":"⚠️  Pinata credentials not found. IPFS upload will not work.","timestamp":"2025-10-21T20:49:57.085Z"}
{"level":"warn","message":"   Add PINATA_API_KEY and PINATA_SECRET_API_KEY to .env file","timestamp":"2025-10-21T20:49:57.088Z"}
{"level":"info","message":"Server running on port 5000","timestamp":"2025-10-21T20:49:57.116Z"}
{"level":"info","message":"Connected to MongoDB","timestamp":"2025-10-21T20:49:57.805Z"}
{"level":"warn","message":"⚠️  Pinata credentials not found. IPFS upload will not work.","timestamp":"2025-10-21T20:50:28.944Z"}
{"level":"warn","message":"   Add PINATA_API_KEY and PINATA_SECRET_API_KEY to .env file","timestamp":"2025-10-21T20:50:28.948Z"}
{"level":"info","message":"Server running on port 5000","timestamp":"2025-10-21T20:50:28.988Z"}
{"level":"info","message":"Connected to MongoDB","timestamp":"2025-10-21T20:50:30.501Z"}
{"level":"warn","message":"⚠️  Pinata credentials not found. IPFS upload will not work.","timestamp":"2025-10-21T20:53:42.697Z"}
{"level":"warn","message":"   Add PINATA_API_KEY and PINATA_SECRET_API_KEY to .env file","timestamp":"2025-10-21T20:53:42.700Z"}
{"level":"info","message":"Server running on port 5000","timestamp":"2025-10-21T20:53:42.728Z"}
{"level":"info","message":"Connected to MongoDB","timestamp":"2025-10-21T20:53:44.064Z"}
{"level":"warn","message":"⚠️  Pinata credentials not found. IPFS upload will not work.","timestamp":"2025-10-21T20:56:05.255Z"}
{"level":"warn","message":"   Add PINATA_API_KEY and PINATA_SECRET_API_KEY to .env file","timestamp":"2025-10-21T20:56:05.259Z"}
{"level":"info","message":"Server running on port 5000","timestamp":"2025-10-21T20:56:05.285Z"}
{"level":"info","message":"Connected to MongoDB","timestamp":"2025-10-21T20:56:06.611Z"}
{"level":"warn","message":"⚠️  Pinata credentials not found. IPFS upload will not work.","timestamp":"2025-10-21T20:56:45.483Z"}
{"level":"warn","message":"   Add PINATA_API_KEY and PINATA_SECRET_API_KEY to .env file","timestamp":"2025-10-21T20:56:45.491Z"}
{"level":"info","message":"Server running on port 5000","timestamp":"2025-10-21T20:56:45.550Z"}
{"level":"info","message":"Connected to MongoDB","timestamp":"2025-10-21T20:56:46.332Z"}
{"level":"warn","message":"⚠️  Pinata credentials not found. IPFS upload will not work.","timestamp":"2025-10-21T20:57:00.023Z"}
{"level":"warn","message":"   Add PINATA_API_KEY and PINATA_SECRET_API_KEY to .env file","timestamp":"2025-10-21T20:57:00.028Z"}
{"level":"info","message":"Server running on port 5000","timestamp":"2025-10-21T20:57:00.056Z"}
{"level":"info","message":"Connected to MongoDB","timestamp":"2025-10-21T20:57:00.901Z"}
{"level":"warn","message":"⚠️  Pinata credentials not found. IPFS upload will not work.","timestamp":"2025-10-21T20:57:32.065Z"}
{"level":"warn","message":"   Add PINATA_API_KEY and PINATA_SECRET_API_KEY to .env file","timestamp":"2025-10-21T20:57:32.068Z"}
{"level":"info","message":"Server running on port 5000","timestamp":"2025-10-21T20:57:32.123Z"}
{"level":"info","message":"Connected to MongoDB","timestamp":"2025-10-21T20:57:32.985Z"}
{"argument":"target","code":"INVALID_ARGUMENT","level":"error","message":"Error syncing service provider 2: unsupported addressable value (argument=\"target\", value=null, code=INVALID_ARGUMENT, version=6.15.0)","shortMessage":"unsupported addressable value","stack":"TypeError: unsupported addressable value (argument=\"target\", value=null, code=INVALID_ARGUMENT, version=6.15.0)\n    at makeError (/home/kriti-gupta/Kriti/Courses/SEM5/BWD/Project/Blockchain-Powered-Transparent-Charity-Platform/backend/node_modules/ethers/lib.commonjs/utils/errors.js:130:21)\n    at assert (/home/kriti-gupta/Kriti/Courses/SEM5/BWD/Project/Blockchain-Powered-Transparent-Charity-Platform/backend/node_modules/ethers/lib.commonjs/utils/errors.js:157:15)\n    at assertArgument (/home/kriti-gupta/Kriti/Courses/SEM5/BWD/Project/Blockchain-Powered-Transparent-Charity-Platform/backend/node_modules/ethers/lib.commonjs/utils/errors.js:169:5)\n    at resolveAddress (/home/kriti-gupta/Kriti/Courses/SEM5/BWD/Project/Blockchain-Powered-Transparent-Charity-Platform/backend/node_modules/ethers/lib.commonjs/address/checks.js:117:35)\n    at /home/kriti-gupta/Kriti/Courses/SEM5/BWD/Project/Blockchain-Powered-Transparent-Charity-Platform/backend/node_modules/ethers/lib.commonjs/contract/contract.js:122:54\n    at #walkAsync (/home/kriti-gupta/Kriti/Courses/SEM5/BWD/Project/Blockchain-Powered-Transparent-Charity-Platform/backend/node_modules/ethers/lib.commonjs/abi/fragments.js:582:24)\n    at ParamType.walkAsync (/home/kriti-gupta/Kriti/Courses/SEM5/BWD/Project/Blockchain-Powered-Transparent-Charity-Platform/backend/node_modules/ethers/lib.commonjs/abi/fragments.js:600:24)\n    at /home/kriti-gupta/Kriti/Courses/SEM5/BWD/Project/Blockchain-Powered-Transparent-Charity-Platform/backend/node_modules/ethers/lib.commonjs/contract/contract.js:119:22\n    at Array.map (<anonymous>)\n    at resolveArgs (/home/kriti-gupta/Kriti/Courses/SEM5/BWD/Project/Blockchain-Powered-Transparent-Charity-Platform/backend/node_modules/ethers/lib.commonjs/contract/contract.js:118:37)","timestamp":"2025-10-21T21:04:44.482Z","value":null}
{"level":"info","message":"✅ Pinata IPFS service configured","timestamp":"2025-10-24T04:35:09.142Z"}
{"level":"info","message":"Server running on port 5000","timestamp":"2025-10-24T04:35:09.171Z"}
{"level":"info","message":"Connected to MongoDB","timestamp":"2025-10-24T04:35:09.699Z"}
{"level":"info","message":"✅ Pinata IPFS service configured","timestamp":"2025-10-24T04:35:54.177Z"}
{"level":"info","message":"Server running on port 5000","timestamp":"2025-10-24T04:35:54.206Z"}
{"level":"info","message":"Connected to MongoDB","timestamp":"2025-10-24T04:35:54.718Z"}
{"level":"info","message":"✅ Pinata IPFS service configured","timestamp":"2025-10-24T05:00:47.455Z"}
{"level":"info","message":"Server running on port 5000","timestamp":"2025-10-24T05:00:47.486Z"}
{"level":"info","message":"Connected to MongoDB","timestamp":"2025-10-24T05:00:48.062Z"}
{"level":"info","message":"✅ Pinata IPFS service configured","timestamp":"2025-10-24T05:00:50.118Z"}
{"level":"info","message":"Server running on port 5000","timestamp":"2025-10-24T05:00:50.172Z"}
{"level":"info","message":"Connected to MongoDB","timestamp":"2025-10-24T05:00:50.735Z"}
{"level":"info","message":"✅ Pinata IPFS service configured","timestamp":"2025-10-24T05:07:20.021Z"}
{"level":"info","message":"Server running on port 5000","timestamp":"2025-10-24T05:07:20.084Z"}
{"level":"info","message":"Connected to MongoDB","timestamp":"2025-10-24T05:07:20.624Z"}
{"level":"info","message":"✅ Pinata IPFS service configured","timestamp":"2025-10-24T05:07:21.360Z"}
{"level":"info","message":"Server running on port 5000","timestamp":"2025-10-24T05:07:21.391Z"}
{"level":"info","message":"Connected to MongoDB","timestamp":"2025-10-24T05:07:21.925Z"}
{"level":"info","message":"✅ Pinata IPFS service configured","timestamp":"2025-10-24T05:07:32.212Z"}
{"level":"info","message":"Server running on port 5000","timestamp":"2025-10-24T05:07:32.244Z"}
{"level":"info","message":"Connected to MongoDB","timestamp":"2025-10-24T05:07:32.757Z"}
{"level":"info","message":"✅ Pinata IPFS service configured","timestamp":"2025-10-24T05:07:34.088Z"}
{"level":"info","message":"Server running on port 5000","timestamp":"2025-10-24T05:07:34.117Z"}
{"level":"info","message":"Connected to MongoDB","timestamp":"2025-10-24T05:07:34.651Z"}
{"level":"info","message":"✅ Pinata IPFS service configured","timestamp":"2025-10-24T05:13:07.018Z"}
{"level":"info","message":"Server running on port 5000","timestamp":"2025-10-24T05:13:07.048Z"}
{"level":"info","message":"Connected to MongoDB","timestamp":"2025-10-24T05:13:07.614Z"}
{"level":"info","message":"✅ Pinata IPFS service configured","timestamp":"2025-10-24T05:13:22.781Z"}
{"level":"info","message":"Server running on port 5000","timestamp":"2025-10-24T05:13:22.824Z"}
{"level":"info","message":"Connected to MongoDB","timestamp":"2025-10-24T05:13:23.479Z"}
{"level":"info","message":"✅ Pinata IPFS service configured","timestamp":"2025-10-24T05:13:24.966Z"}
{"level":"info","message":"Server running on port 5000","timestamp":"2025-10-24T05:13:24.994Z"}
{"level":"info","message":"Connected to MongoDB","timestamp":"2025-10-24T05:13:25.521Z"}
{"level":"info","message":"✅ Pinata IPFS service configured","timestamp":"2025-10-24T05:13:26.866Z"}
{"level":"info","message":"Server running on port 5000","timestamp":"2025-10-24T05:13:26.895Z"}
{"level":"info","message":"Connected to MongoDB","timestamp":"2025-10-24T05:13:27.419Z"}
{"level":"info","message":"✅ Pinata IPFS service configured","timestamp":"2025-10-24T05:13:31.932Z"}
{"level":"info","message":"Server running on port 5000","timestamp":"2025-10-24T05:13:31.961Z"}
{"level":"info","message":"✅ Pinata IPFS service configured","timestamp":"2025-10-24T05:13:32.820Z"}
{"level":"info","message":"Server running on port 5000","timestamp":"2025-10-24T05:13:32.850Z"}
{"level":"info","message":"Connected to MongoDB","timestamp":"2025-10-24T05:13:33.363Z"}
{"level":"info","message":"✅ Pinata IPFS service configured","timestamp":"2025-10-24T05:13:35.380Z"}
{"level":"info","message":"Server running on port 5000","timestamp":"2025-10-24T05:13:35.411Z"}
{"level":"info","message":"Connected to MongoDB","timestamp":"2025-10-24T05:13:35.912Z"}
{"level":"info","message":"✅ Pinata IPFS service configured","timestamp":"2025-10-24T05:15:55.934Z"}
{"level":"info","message":"Server running on port 5000","timestamp":"2025-10-24T05:15:55.962Z"}
{"level":"info","message":"Connected to MongoDB","timestamp":"2025-10-24T05:15:56.480Z"}
{"level":"info","message":"✅ Pinata IPFS service configured","timestamp":"2025-10-24T05:17:40.377Z"}
{"level":"info","message":"Server running on port 5000","timestamp":"2025-10-24T05:17:40.417Z"}
{"level":"info","message":"Connected to MongoDB","timestamp":"2025-10-24T05:17:41.918Z"}
{"level":"info","message":"✅ Pinata IPFS service configured","timestamp":"2025-10-24T05:17:43.660Z"}
{"level":"info","message":"Server running on port 5000","timestamp":"2025-10-24T05:17:43.692Z"}
{"level":"info","message":"Connected to MongoDB","timestamp":"2025-10-24T05:17:44.231Z"}
{"level":"info","message":"✅ Pinata IPFS service configured","timestamp":"2025-10-24T05:17:45.465Z"}
{"level":"info","message":"Server running on port 5000","timestamp":"2025-10-24T05:17:45.494Z"}
{"level":"info","message":"Connected to MongoDB","timestamp":"2025-10-24T05:17:46.030Z"}
{"level":"info","message":"✅ Pinata IPFS service configured","timestamp":"2025-10-24T05:17:49.831Z"}
{"level":"info","message":"Server running on port 5000","timestamp":"2025-10-24T05:17:49.862Z"}
{"level":"info","message":"Connected to MongoDB","timestamp":"2025-10-24T05:17:50.411Z"}
{"level":"info","message":"✅ Pinata IPFS service configured","timestamp":"2025-10-24T05:17:54.779Z"}
{"level":"info","message":"Server running on port 5000","timestamp":"2025-10-24T05:17:54.808Z"}
{"level":"info","message":"Connected to MongoDB","timestamp":"2025-10-24T05:17:55.325Z"}
{"level":"info","message":"✅ Pinata IPFS service configured","timestamp":"2025-10-24T05:17:56.230Z"}
{"level":"info","message":"Server running on port 5000","timestamp":"2025-10-24T05:17:56.266Z"}
{"level":"info","message":"✅ Pinata IPFS service configured","timestamp":"2025-10-24T05:17:57.120Z"}
{"level":"info","message":"Server running on port 5000","timestamp":"2025-10-24T05:17:57.149Z"}
{"level":"info","message":"Connected to MongoDB","timestamp":"2025-10-24T05:17:57.704Z"}
{"level":"info","message":"✅ Pinata IPFS service configured","timestamp":"2025-10-24T05:17:59.847Z"}
{"level":"info","message":"Server running on port 5000","timestamp":"2025-10-24T05:17:59.876Z"}
{"level":"info","message":"Connected to MongoDB","timestamp":"2025-10-24T05:18:00.365Z"}
{"level":"info","message":"✅ Pinata IPFS service configured","timestamp":"2025-10-24T05:18:05.451Z"}
{"level":"info","message":"Server running on port 5000","timestamp":"2025-10-24T05:18:05.480Z"}
{"level":"info","message":"Connected to MongoDB","timestamp":"2025-10-24T05:18:05.966Z"}
{"level":"info","message":"✅ Pinata IPFS service configured","timestamp":"2025-10-24T05:18:06.982Z"}
{"level":"info","message":"Server running on port 5000","timestamp":"2025-10-24T05:18:07.016Z"}
{"level":"info","message":"Connected to MongoDB","timestamp":"2025-10-24T05:18:07.544Z"}
{"level":"info","message":"✅ Pinata IPFS service configured","timestamp":"2025-10-24T05:18:08.689Z"}
{"level":"info","message":"Server running on port 5000","timestamp":"2025-10-24T05:18:08.717Z"}
{"level":"info","message":"Connected to MongoDB","timestamp":"2025-10-24T05:18:09.223Z"}
{"level":"info","message":"✅ Pinata IPFS service configured","timestamp":"2025-10-24T05:18:31.933Z"}
{"level":"info","message":"Server running on port 5000","timestamp":"2025-10-24T05:18:31.993Z"}
{"level":"info","message":"Connected to MongoDB","timestamp":"2025-10-24T05:18:32.560Z"}
{"level":"info","message":"✅ Pinata IPFS service configured","timestamp":"2025-10-24T05:59:25.642Z"}
{"level":"info","message":"Server running on port 5000","timestamp":"2025-10-24T05:59:25.671Z"}
{"level":"info","message":"Connected to MongoDB","timestamp":"2025-10-24T05:59:26.229Z"}
{"level":"info","message":"✅ Pinata IPFS service configured","timestamp":"2025-10-24T06:19:18.292Z"}
{"level":"info","message":"Server running on port 5000","timestamp":"2025-10-24T06:19:18.348Z"}
{"level":"info","message":"Connected to MongoDB","timestamp":"2025-10-24T06:19:18.885Z"}
{"level":"info","message":"✅ Pinata IPFS service configured","timestamp":"2025-10-24T06:27:36.722Z"}
{"level":"info","message":"Server running on port 5000","timestamp":"2025-10-24T06:27:36.752Z"}
{"level":"info","message":"Connected to MongoDB","timestamp":"2025-10-24T06:27:37.251Z"}
{"level":"info","message":"✅ Pinata IPFS service configured","timestamp":"2025-10-24T14:40:53.909Z"}
{"level":"info","message":"Server running on port 5000","timestamp":"2025-10-24T14:40:53.980Z"}
{"level":"info","message":"Connected to MongoDB","timestamp":"2025-10-24T14:40:54.550Z"}
{"level":"info","message":"✅ Pinata IPFS service configured","timestamp":"2025-10-24T15:02:47.928Z"}
{"level":"info","message":"Server running on port 5000","timestamp":"2025-10-24T15:02:47.963Z"}
{"level":"info","message":"Connected to MongoDB","timestamp":"2025-10-24T15:02:48.526Z"}
{"level":"info","message":"✅ Pinata IPFS service configured","timestamp":"2025-10-24T15:04:09.366Z"}
{"level":"info","message":"Server running on port 5000","timestamp":"2025-10-24T15:04:09.397Z"}
{"level":"info","message":"Connected to MongoDB","timestamp":"2025-10-24T15:04:09.946Z"}
{"level":"info","message":"✅ Pinata IPFS service configured","timestamp":"2025-10-24T15:04:12.459Z"}
{"level":"info","message":"Server running on port 5000","timestamp":"2025-10-24T15:04:12.488Z"}
{"level":"info","message":"Connected to MongoDB","timestamp":"2025-10-24T15:04:13.018Z"}
{"level":"info","message":"✅ Pinata IPFS service configured","timestamp":"2025-10-24T15:26:38.991Z"}
{"level":"info","message":"Server running on port 5000","timestamp":"2025-10-24T15:26:39.037Z"}
{"level":"info","message":"Connected to MongoDB","timestamp":"2025-10-24T15:26:39.600Z"}
{"level":"info","message":"✅ Pinata IPFS service configured","timestamp":"2025-10-24T15:29:00.788Z"}
{"level":"info","message":"Server running on port 5000","timestamp":"2025-10-24T15:29:00.847Z"}
{"level":"info","message":"Connected to MongoDB","timestamp":"2025-10-24T15:29:01.503Z"}
{"level":"info","message":"✅ Pinata IPFS service configured","timestamp":"2025-10-24T15:29:16.051Z"}
{"level":"info","message":"Server running on port 5000","timestamp":"2025-10-24T15:29:16.079Z"}
{"level":"info","message":"Connected to MongoDB","timestamp":"2025-10-24T15:29:16.604Z"}
{"level":"info","message":"✅ Pinata IPFS service configured","timestamp":"2025-10-24T15:31:28.546Z"}
{"level":"info","message":"Server running on port 5000","timestamp":"2025-10-24T15:31:28.581Z"}
{"level":"info","message":"Connected to MongoDB","timestamp":"2025-10-24T15:31:29.099Z"}
{"level":"info","message":"✅ Pinata IPFS service configured","timestamp":"2025-10-24T15:31:34.630Z"}
{"level":"info","message":"Server running on port 5000","timestamp":"2025-10-24T15:31:34.661Z"}
{"level":"info","message":"Connected to MongoDB","timestamp":"2025-10-24T15:31:35.197Z"}
{"level":"info","message":"✅ Pinata IPFS service configured","timestamp":"2025-10-24T15:31:36.870Z"}
{"level":"info","message":"Server running on port 5000","timestamp":"2025-10-24T15:31:36.913Z"}
{"level":"info","message":"Connected to MongoDB","timestamp":"2025-10-24T15:31:37.495Z"}
{"level":"info","message":"✅ Pinata IPFS service configured","timestamp":"2025-10-24T15:56:02.411Z"}
{"level":"info","message":"Server running on port 5000","timestamp":"2025-10-24T15:56:02.440Z"}
{"level":"info","message":"Connected to MongoDB","timestamp":"2025-10-24T15:56:02.998Z"}
{"level":"info","message":"✅ Pinata IPFS service configured","timestamp":"2025-10-24T16:08:09.332Z"}
{"level":"info","message":"Server running on port 5000","timestamp":"2025-10-24T16:08:09.350Z"}
{"level":"info","message":"Connected to MongoDB","timestamp":"2025-10-24T16:08:09.816Z"}
{"level":"info","message":"✅ Pinata IPFS service configured","timestamp":"2025-10-24T16:21:27.283Z"}
{"level":"info","message":"Server running on port 5000","timestamp":"2025-10-24T16:21:27.300Z"}
{"level":"info","message":"Connected to MongoDB","timestamp":"2025-10-24T16:21:27.762Z"}
{"level":"info","message":"✅ Pinata IPFS service configured","timestamp":"2025-10-24T16:21:35.734Z"}
{"level":"info","message":"Server running on port 5000","timestamp":"2025-10-24T16:21:35.772Z"}
{"level":"info","message":"Connected to MongoDB","timestamp":"2025-10-24T16:21:36.253Z"}
{"level":"info","message":"✅ Pinata IPFS service configured","timestamp":"2025-10-24T16:22:07.778Z"}
{"level":"info","message":"Server running on port 5000","timestamp":"2025-10-24T16:22:07.795Z"}
{"level":"info","message":"Connected to MongoDB","timestamp":"2025-10-24T16:22:08.287Z"}
{"level":"info","message":"✅ Pinata IPFS service configured","timestamp":"2025-10-24T16:22:16.134Z"}
{"level":"info","message":"Server running on port 5000","timestamp":"2025-10-24T16:22:16.159Z"}
{"level":"info","message":"Connected to MongoDB","timestamp":"2025-10-24T16:22:16.662Z"}
{"level":"info","message":"✅ Pinata IPFS service configured","timestamp":"2025-10-24T16:22:31.954Z"}
{"level":"info","message":"Server running on port 5000","timestamp":"2025-10-24T16:22:31.970Z"}
{"level":"info","message":"Connected to MongoDB","timestamp":"2025-10-24T16:22:32.446Z"}
{"level":"info","message":"✅ Pinata IPFS service configured","timestamp":"2025-10-24T16:23:51.335Z"}
{"level":"info","message":"Server running on port 5000","timestamp":"2025-10-24T16:23:51.353Z"}
{"level":"info","message":"Connected to MongoDB","timestamp":"2025-10-24T16:23:51.880Z"}
{"level":"info","message":"✅ Pinata IPFS service configured","timestamp":"2025-10-24T16:24:10.441Z"}
{"level":"info","message":"Server running on port 5000","timestamp":"2025-10-24T16:24:10.459Z"}
{"level":"info","message":"Connected to MongoDB","timestamp":"2025-10-24T16:24:10.923Z"}
{"level":"info","message":"✅ Pinata IPFS service configured","timestamp":"2025-10-24T16:24:12.109Z"}
{"level":"info","message":"Server running on port 5000","timestamp":"2025-10-24T16:24:12.126Z"}
{"level":"info","message":"Connected to MongoDB","timestamp":"2025-10-24T16:24:12.614Z"}
{"level":"info","message":"✅ Pinata IPFS service configured","timestamp":"2025-10-24T16:24:14.747Z"}
{"level":"info","message":"Server running on port 5000","timestamp":"2025-10-24T16:24:14.764Z"}
{"level":"info","message":"Connected to MongoDB","timestamp":"2025-10-24T16:24:15.234Z"}
{"level":"info","message":"✅ Pinata IPFS service configured","timestamp":"2025-10-24T16:24:21.983Z"}
{"level":"info","message":"Server running on port 5000","timestamp":"2025-10-24T16:24:22.011Z"}
{"level":"info","message":"Connected to MongoDB","timestamp":"2025-10-24T16:24:22.477Z"}
{"level":"info","message":"✅ Pinata IPFS service configured","timestamp":"2025-10-24T16:24:24.217Z"}
{"level":"info","message":"Server running on port 5000","timestamp":"2025-10-24T16:24:24.236Z"}
{"level":"info","message":"Connected to MongoDB","timestamp":"2025-10-24T16:24:24.713Z"}
{"level":"info","message":"✅ Pinata IPFS service configured","timestamp":"2025-10-24T16:24:40.489Z"}
{"level":"info","message":"Server running on port 5000","timestamp":"2025-10-24T16:24:40.507Z"}
{"level":"info","message":"Connected to MongoDB","timestamp":"2025-10-24T16:24:41.000Z"}
{"level":"info","message":"✅ Pinata IPFS service configured","timestamp":"2025-10-24T16:26:20.919Z"}
{"level":"info","message":"Server running on port 5000","timestamp":"2025-10-24T16:26:20.937Z"}
{"level":"info","message":"Connected to MongoDB","timestamp":"2025-10-24T16:26:21.421Z"}
{"level":"info","message":"✅ Pinata IPFS service configured","timestamp":"2025-10-24T16:26:26.139Z"}
{"level":"info","message":"Server running on port 5000","timestamp":"2025-10-24T16:26:26.157Z"}
{"level":"info","message":"Connected to MongoDB","timestamp":"2025-10-24T16:26:26.630Z"}
{"level":"info","message":"✅ Pinata IPFS service configured","timestamp":"2025-10-24T16:28:56.797Z"}
{"level":"info","message":"Server running on port 5000","timestamp":"2025-10-24T16:28:56.818Z"}
{"level":"info","message":"Connected to MongoDB","timestamp":"2025-10-24T16:28:57.293Z"}
{"level":"info","message":"✅ Pinata IPFS service configured","timestamp":"2025-10-24T16:29:15.861Z"}
{"level":"info","message":"Server running on port 5000","timestamp":"2025-10-24T16:29:15.879Z"}
{"level":"info","message":"Connected to MongoDB","timestamp":"2025-10-24T16:29:16.337Z"}
{"level":"info","message":"✅ Pinata IPFS service configured","timestamp":"2025-10-24T16:30:40.185Z"}
{"level":"info","message":"Server running on port 5000","timestamp":"2025-10-24T16:30:40.205Z"}
{"level":"info","message":"Connected to MongoDB","timestamp":"2025-10-24T16:30:40.689Z"}
{"level":"info","message":"✅ Pinata IPFS service configured","timestamp":"2025-10-24T16:31:30.663Z"}
{"level":"info","message":"Server running on port 5000","timestamp":"2025-10-24T16:31:30.681Z"}
{"level":"info","message":"Connected to MongoDB","timestamp":"2025-10-24T16:31:31.139Z"}
{"level":"info","message":"✅ Pinata IPFS service configured","timestamp":"2025-10-24T16:32:39.588Z"}
{"level":"info","message":"Server running on port 5000","timestamp":"2025-10-24T16:32:39.605Z"}
{"level":"info","message":"Connected to MongoDB","timestamp":"2025-10-24T16:32:40.092Z"}
{"level":"info","message":"✅ Pinata IPFS service configured","timestamp":"2025-10-24T16:38:09.480Z"}
{"level":"info","message":"Server running on port 5000","timestamp":"2025-10-24T16:38:09.498Z"}
{"level":"info","message":"Connected to MongoDB","timestamp":"2025-10-24T16:38:09.997Z"}
{"level":"info","message":"✅ Pinata IPFS service configured","timestamp":"2025-10-24T16:38:20.665Z"}
{"level":"info","message":"Server running on port 5000","timestamp":"2025-10-24T16:38:20.705Z"}
{"level":"info","message":"Connected to MongoDB","timestamp":"2025-10-24T16:38:21.178Z"}
{"level":"info","message":"✅ Pinata IPFS service configured","timestamp":"2025-10-24T16:41:46.487Z"}
{"level":"info","message":"Server running on port 5000","timestamp":"2025-10-24T16:41:46.509Z"}
{"level":"info","message":"Connected to MongoDB","timestamp":"2025-10-24T16:41:46.975Z"}
{"level":"info","message":"✅ Pinata IPFS service configured","timestamp":"2025-10-24T17:02:51.129Z"}
{"level":"info","message":"Server running on port 5000","timestamp":"2025-10-24T17:02:51.147Z"}
{"level":"info","message":"Connected to MongoDB","timestamp":"2025-10-24T17:02:51.606Z"}
{"level":"info","message":"✅ Pinata IPFS service configured","timestamp":"2025-10-24T17:02:54.374Z"}
{"level":"info","message":"Server running on port 5000","timestamp":"2025-10-24T17:02:54.390Z"}
{"level":"info","message":"Connected to MongoDB","timestamp":"2025-10-24T17:02:54.858Z"}
{"level":"info","message":"✅ Pinata IPFS service configured","timestamp":"2025-10-24T17:02:58.366Z"}
{"level":"info","message":"Server running on port 5000","timestamp":"2025-10-24T17:02:58.384Z"}
{"level":"info","message":"Connected to MongoDB","timestamp":"2025-10-24T17:02:58.861Z"}
{"level":"info","message":"✅ Pinata IPFS service configured","timestamp":"2025-10-24T17:02:59.644Z"}
{"level":"info","message":"Server running on port 5000","timestamp":"2025-10-24T17:02:59.662Z"}
{"level":"info","message":"Connected to MongoDB","timestamp":"2025-10-24T17:03:00.139Z"}
{"level":"info","message":"✅ Pinata IPFS service configured","timestamp":"2025-10-24T17:09:56.103Z"}
{"level":"info","message":"Server running on port 5000","timestamp":"2025-10-24T17:09:56.122Z"}
{"level":"info","message":"Connected to MongoDB","timestamp":"2025-10-24T17:09:56.613Z"}
{"level":"info","message":"✅ Pinata IPFS service configured","timestamp":"2025-10-24T17:11:55.260Z"}
{"level":"info","message":"Server running on port 5000","timestamp":"2025-10-24T17:11:55.277Z"}
{"level":"info","message":"Connected to MongoDB","timestamp":"2025-10-24T17:11:55.773Z"}
{"level":"info","message":"✅ Pinata IPFS service configured","timestamp":"2025-10-24T17:14:33.445Z"}
{"level":"info","message":"Server running on port 5000","timestamp":"2025-10-24T17:14:33.462Z"}
{"level":"info","message":"Connected to MongoDB","timestamp":"2025-10-24T17:14:33.959Z"}
{"level":"info","message":"✅ Pinata IPFS service configured","timestamp":"2025-10-24T17:27:20.448Z"}
{"level":"info","message":"Server running on port 5000","timestamp":"2025-10-24T17:27:20.465Z"}
{"level":"info","message":"Connected to MongoDB","timestamp":"2025-10-24T17:27:20.943Z"}
{"level":"info","message":"✅ Pinata IPFS service configured","timestamp":"2025-10-24T17:27:49.724Z"}
{"level":"info","message":"Server running on port 5000","timestamp":"2025-10-24T17:27:49.744Z"}
{"level":"info","message":"Connected to MongoDB","timestamp":"2025-10-24T17:27:50.243Z"}
{"level":"info","message":"✅ Pinata IPFS service configured","timestamp":"2025-10-24T17:35:09.142Z"}
{"level":"info","message":"Server running on port 5000","timestamp":"2025-10-24T17:35:09.174Z"}
{"level":"info","message":"Connected to MongoDB","timestamp":"2025-10-24T17:35:09.728Z"}
{"level":"info","message":"✅ Pinata IPFS service configured","timestamp":"2025-10-24T17:35:11.678Z"}
{"level":"info","message":"Server running on port 5000","timestamp":"2025-10-24T17:35:11.707Z"}
{"level":"info","message":"Connected to MongoDB","timestamp":"2025-10-24T17:35:12.212Z"}
{"level":"info","message":"✅ Pinata IPFS service configured","timestamp":"2025-10-24T17:43:25.624Z"}
{"level":"info","message":"Server running on port 5000","timestamp":"2025-10-24T17:43:25.654Z"}
{"level":"info","message":"Connected to MongoDB","timestamp":"2025-10-24T17:43:26.157Z"}
{"level":"info","message":"✅ Pinata IPFS service configured","timestamp":"2025-10-24T17:43:29.224Z"}
{"level":"info","message":"Server running on port 5000","timestamp":"2025-10-24T17:43:29.272Z"}
{"level":"info","message":"Connected to MongoDB","timestamp":"2025-10-24T17:43:29.913Z"}
{"level":"info","message":"✅ Pinata IPFS service configured","timestamp":"2025-10-24T17:43:33.234Z"}
{"level":"info","message":"Server running on port 5000","timestamp":"2025-10-24T17:43:33.269Z"}
{"level":"info","message":"✅ Pinata IPFS service configured","timestamp":"2025-10-24T17:43:34.295Z"}
{"level":"info","message":"Server running on port 5000","timestamp":"2025-10-24T17:43:34.334Z"}
{"level":"info","message":"Connected to MongoDB","timestamp":"2025-10-24T17:43:34.929Z"}
{"level":"info","message":"✅ Pinata IPFS service configured","timestamp":"2025-10-24T17:43:35.911Z"}
{"level":"info","message":"Server running on port 5000","timestamp":"2025-10-24T17:43:35.942Z"}
{"level":"info","message":"Connected to MongoDB","timestamp":"2025-10-24T17:43:36.476Z"}
{"level":"info","message":"✅ Pinata IPFS service configured","timestamp":"2025-10-24T17:43:42.698Z"}
{"level":"info","message":"Server running on port 5000","timestamp":"2025-10-24T17:43:42.760Z"}
{"level":"info","message":"Connected to MongoDB","timestamp":"2025-10-24T17:43:43.415Z"}
{"level":"info","message":"✅ Pinata IPFS service configured","timestamp":"2025-10-24T17:43:52.541Z"}
{"level":"info","message":"Server running on port 5000","timestamp":"2025-10-24T17:43:52.605Z"}
{"level":"info","message":"Connected to MongoDB","timestamp":"2025-10-24T17:43:53.259Z"}
{"level":"info","message":"✅ Pinata IPFS service configured","timestamp":"2025-10-24T17:43:54.079Z"}
{"level":"info","message":"Server running on port 5000","timestamp":"2025-10-24T17:43:54.112Z"}
{"level":"info","message":"Connected to MongoDB","timestamp":"2025-10-24T17:43:54.651Z"}
{"level":"info","message":"✅ Pinata IPFS service configured","timestamp":"2025-10-24T17:44:21.304Z"}
{"level":"info","message":"Server running on port 5000","timestamp":"2025-10-24T17:44:21.333Z"}
{"level":"info","message":"Connected to MongoDB","timestamp":"2025-10-24T17:44:21.875Z"}
{"level":"info","message":"✅ Pinata IPFS service configured","timestamp":"2025-10-24T17:44:25.122Z"}
{"level":"info","message":"Server running on port 5000","timestamp":"2025-10-24T17:44:25.169Z"}
{"level":"info","message":"Connected to MongoDB","timestamp":"2025-10-24T17:44:25.760Z"}
{"level":"info","message":"✅ Pinata IPFS service configured","timestamp":"2025-10-24T17:44:35.910Z"}
{"level":"info","message":"Server running on port 5000","timestamp":"2025-10-24T17:44:35.941Z"}
{"level":"info","message":"Connected to MongoDB","timestamp":"2025-10-24T17:44:36.601Z"}
{"level":"info","message":"✅ Pinata IPFS service configured","timestamp":"2025-10-24T17:51:40.001Z"}
{"level":"info","message":"Server running on port 5000","timestamp":"2025-10-24T17:51:40.076Z"}
{"level":"info","message":"✅ Pinata IPFS service configured","timestamp":"2025-10-24T17:51:41.250Z"}
{"level":"info","message":"Server running on port 5000","timestamp":"2025-10-24T17:51:41.279Z"}
{"level":"info","message":"Connected to MongoDB","timestamp":"2025-10-24T17:51:41.854Z"}
{"level":"info","message":"✅ Pinata IPFS service configured","timestamp":"2025-10-24T18:46:43.244Z"}
{"level":"info","message":"Server running on port 5000","timestamp":"2025-10-24T18:46:43.274Z"}
{"level":"info","message":"Connected to MongoDB","timestamp":"2025-10-24T18:46:43.826Z"}
{"level":"info","message":"✅ Pinata IPFS service configured","timestamp":"2025-10-24T18:46:46.637Z"}
{"level":"info","message":"Server running on port 5000","timestamp":"2025-10-24T18:46:46.666Z"}
{"level":"info","message":"Connected to MongoDB","timestamp":"2025-10-24T18:46:47.202Z"}
{"level":"info","message":"✅ Pinata IPFS service configured","timestamp":"2025-10-25T08:52:35.840Z"}
{"level":"info","message":"Server running on port 5000","timestamp":"2025-10-25T08:52:35.858Z"}
{"level":"info","message":"Connected to MongoDB","timestamp":"2025-10-25T08:52:36.304Z"}
{"level":"info","message":"✅ Pinata IPFS service configured","timestamp":"2025-10-25T08:57:33.792Z"}
{"level":"info","message":"Server running on port 5000","timestamp":"2025-10-25T08:57:33.810Z"}
{"level":"info","message":"Connected to MongoDB","timestamp":"2025-10-25T08:57:34.304Z"}
{"level":"info","message":"✅ Pinata IPFS service configured","timestamp":"2025-10-25T09:07:26.237Z"}
{"level":"info","message":"Server running on port 5000","timestamp":"2025-10-25T09:07:26.254Z"}
{"level":"info","message":"Connected to MongoDB","timestamp":"2025-10-25T09:07:26.744Z"}
{"level":"info","message":"✅ Pinata IPFS service configured","timestamp":"2025-10-25T09:19:06.687Z"}
{"level":"info","message":"Server running on port 5000","timestamp":"2025-10-25T09:19:06.705Z"}
{"level":"info","message":"Connected to MongoDB","timestamp":"2025-10-25T09:19:07.179Z"}
{"level":"info","message":"✅ Pinata IPFS service configured","timestamp":"2025-10-25T09:37:50.391Z"}
{"level":"info","message":"Server running on port 5000","timestamp":"2025-10-25T09:37:50.409Z"}
{"level":"info","message":"Connected to MongoDB","timestamp":"2025-10-25T09:37:50.895Z"}
{"level":"info","message":"✅ Pinata IPFS service configured","timestamp":"2025-10-25T09:47:34.973Z"}
{"level":"info","message":"Server running on port 5000","timestamp":"2025-10-25T09:47:34.993Z"}
{"level":"info","message":"Connected to MongoDB","timestamp":"2025-10-25T09:47:35.492Z"}
{"level":"info","message":"✅ Pinata IPFS service configured","timestamp":"2025-10-25T09:54:03.030Z"}
{"level":"info","message":"Server running on port 5000","timestamp":"2025-10-25T09:54:03.047Z"}
{"level":"info","message":"Connected to MongoDB","timestamp":"2025-10-25T09:54:03.535Z"}
{"level":"info","message":"✅ Pinata IPFS service configured","timestamp":"2025-10-25T10:38:49.194Z"}
{"level":"info","message":"Server running on port 5000","timestamp":"2025-10-25T10:38:49.237Z"}
{"level":"info","message":"Connected to MongoDB","timestamp":"2025-10-25T10:38:49.814Z"}
{"level":"info","message":"✅ Pinata IPFS service configured","timestamp":"2025-10-29T12:07:43.617Z"}
{"level":"info","message":"Server running on port 5000","timestamp":"2025-10-29T12:07:43.647Z"}
{"level":"info","message":"Connected to MongoDB","timestamp":"2025-10-29T12:07:44.999Z"}
{"level":"info","message":"✅ Pinata IPFS service configured","timestamp":"2025-10-29T12:11:13.031Z"}
{"level":"info","message":"Server running on port 5000","timestamp":"2025-10-29T12:11:13.102Z"}
{"level":"info","message":"Connected to MongoDB","timestamp":"2025-10-29T12:11:15.010Z"}
